app/build/intermediates/manifest_merge_blame_file/debug/manifest-merger-blame-debug-report.txt
1<?xml version="1.0" encoding="utf-8"?>
2<manifest xmlns:android="http://schemas.android.com/apk/res/android"
3    package="com.example.hbyssystemmanagement"
4    android:versionCode="1"
5    android:versionName="1.0" >
6
7    <uses-sdk
8        android:minSdkVersion="30"
8-->src\main\AndroidManifest.xml
9        android:targetSdkVersion="31" />
9-->src\main\AndroidManifest.xml
10
11    <uses-permission android:name="android.permission.ACCESS_FINE_LOCATION" />
11-->src\main\AndroidManifest.xml:5:5-79
11-->src\main\AndroidManifest.xml:5:22-76
12    <uses-permission android:name="android.permission.ACCESS_COARSE_LOCATION" />
12-->src\main\AndroidManifest.xml:6:5-81
12-->src\main\AndroidManifest.xml:6:22-78
13    <uses-permission android:name="android.permission.INTERNET" />
13-->src\main\AndroidManifest.xml:7:5-67
13-->src\main\AndroidManifest.xml:7:22-64
14    <uses-permission android:name="android.permission.ACCESS_NETWORK_STATE" />
14-->src\main\AndroidManifest.xml:8:5-79
14-->src\main\AndroidManifest.xml:8:22-76
15    <uses-permission android:name="android.permission.READ_EXTERNAL_STORAGE" />
15-->src\main\AndroidManifest.xml:9:5-80
15-->src\main\AndroidManifest.xml:9:22-77
16    <uses-permission android:name="android.permission.WRITE_EXTERNAL_STORAGE" />
16-->src\main\AndroidManifest.xml:10:5-81
16-->src\main\AndroidManifest.xml:10:22-78
17    <uses-permission android:name="com.google.android.providers.gsf.permission.READ_GSERVICES" />
17-->src\main\AndroidManifest.xml:11:5-98
17-->src\main\AndroidManifest.xml:11:22-95
18    <uses-permission android:name="android.permission.ACCESS_WIFI_STATE" />
18-->[com.google.android.libraries.places:places:2.5.0] AndroidManifest.xml:10:5-76
18-->[com.google.android.libraries.places:places:2.5.0] AndroidManifest.xml:10:22-73
19
20    <uses-feature
20-->[com.google.android.gms:play-services-maps:18.0.2] AndroidManifest.xml:26:5-28:35
21        android:glEsVersion="0x00020000"
21-->[com.google.android.gms:play-services-maps:18.0.2] AndroidManifest.xml:27:9-41
22        android:required="true" />
22-->[com.google.android.gms:play-services-maps:18.0.2] AndroidManifest.xml:28:9-32
23
24    <queries>
24-->[com.google.android.gms:play-services-maps:18.0.2] AndroidManifest.xml:30:5-34:15
25
26        <!-- Needs to be explicitly declared on Android R+ -->
27        <package android:name="com.google.android.apps.maps" />
27-->[com.google.android.gms:play-services-maps:18.0.2] AndroidManifest.xml:33:9-64
27-->[com.google.android.gms:play-services-maps:18.0.2] AndroidManifest.xml:33:18-61
28    </queries>
29
30    <uses-permission android:name="android.permission.WAKE_LOCK" /> <!-- Required by older versions of Google Play services to create IID tokens -->
30-->[com.google.firebase:firebase-messaging:23.0.0] AndroidManifest.xml:23:5-68
30-->[com.google.firebase:firebase-messaging:23.0.0] AndroidManifest.xml:23:22-65
31    <uses-permission android:name="com.google.android.c2dm.permission.RECEIVE" />
31-->[com.google.firebase:firebase-messaging:23.0.0] AndroidManifest.xml:25:5-82
31-->[com.google.firebase:firebase-messaging:23.0.0] AndroidManifest.xml:25:22-79
32    <uses-permission android:name="com.google.android.finsky.permission.BIND_GET_INSTALL_REFERRER_SERVICE" /> <!-- Include required permissions for Advertising Id -->
32-->[com.google.android.gms:play-services-measurement:20.1.0] AndroidManifest.xml:26:5-110
32-->[com.google.android.gms:play-services-measurement:20.1.0] AndroidManifest.xml:26:22-107
33    <uses-permission android:name="com.google.android.gms.permission.AD_ID" />
33-->[com.google.android.gms:play-services-ads-identifier:18.0.0] AndroidManifest.xml:23:5-79
33-->[com.google.android.gms:play-services-ads-identifier:18.0.0] AndroidManifest.xml:23:22-76
34
35    <application
35-->src\main\AndroidManifest.xml:13:5-125:19
36        android:allowBackup="true"
36-->src\main\AndroidManifest.xml:14:9-35
37        android:appComponentFactory="androidx.core.app.CoreComponentFactory"
37-->[androidx.core:core:1.7.0] AndroidManifest.xml:24:18-86
38        android:debuggable="true"
39        android:extractNativeLibs="false"
40        android:icon="@mipmap/ic_launcher"
40-->src\main\AndroidManifest.xml:15:9-43
41        android:label="@string/app_name"
41-->src\main\AndroidManifest.xml:16:9-41
42        android:roundIcon="@mipmap/ic_launcher_round"
42-->src\main\AndroidManifest.xml:17:9-54
43        android:supportsRtl="true"
43-->src\main\AndroidManifest.xml:18:9-35
44        android:testOnly="true"
45        android:theme="@style/Theme.HbysSystemManagement" >
45-->src\main\AndroidManifest.xml:19:9-58
46        <activity
46-->src\main\AndroidManifest.xml:20:9-22:40
47            android:name="com.example.hbyssystemmanagement.View.FavouriteActivity"
47-->src\main\AndroidManifest.xml:21:13-51
48            android:exported="false" />
48-->src\main\AndroidManifest.xml:22:13-37
49        <activity
49-->src\main\AndroidManifest.xml:23:9-25:39
50            android:name="com.example.hbyssystemmanagement.View.ViewPlace"
50-->src\main\AndroidManifest.xml:24:13-43
51            android:exported="true" />
51-->src\main\AndroidManifest.xml:25:13-36
52        <!--
53             The API key for Google Maps-based APIs is defined as a string resource.
54             (See the file "res/values/google_maps_api.xml").
55             Note that the API key is linked to the encryption key used to sign the APK.
56             You need a different API key for each encryption key, including the release key that is used to
57             sign the APK for publishing.
58             You can define the keys for the debug and release targets in src/debug/ and src/release/.
59        -->
60        <meta-data
60-->src\main\AndroidManifest.xml:34:9-36:55
61            android:name="com.google.android.geo.API_KEY"
61-->src\main\AndroidManifest.xml:35:13-58
62            android:value="@string/google_maps_key" />
62-->src\main\AndroidManifest.xml:36:13-52
63
64        <activity
64-->src\main\AndroidManifest.xml:38:9-41:70
65            android:name="com.example.hbyssystemmanagement.View.ViewDirections"
65-->src\main\AndroidManifest.xml:39:13-48
66            android:exported="true"
66-->src\main\AndroidManifest.xml:40:13-36
67            android:label="@string/title_activity_view_directions" />
67-->src\main\AndroidManifest.xml:41:13-67
68        <activity
68-->src\main\AndroidManifest.xml:42:9-44:39
69            android:name="com.example.hbyssystemmanagement.View.SearchNearPlace"
69-->src\main\AndroidManifest.xml:43:13-49
70            android:exported="true" />
70-->src\main\AndroidManifest.xml:44:13-36
71        <activity
71-->src\main\AndroidManifest.xml:45:9-47:39
72            android:name="com.example.hbyssystemmanagement.View.MainActivity"
72-->src\main\AndroidManifest.xml:46:13-46
73            android:exported="true" />
73-->src\main\AndroidManifest.xml:47:13-36
74        <activity
74-->src\main\AndroidManifest.xml:48:9-50:39
75            android:name="com.example.hbyssystemmanagement.View.VisitedListActivity"
75-->src\main\AndroidManifest.xml:49:13-53
76            android:exported="true" />
76-->src\main\AndroidManifest.xml:50:13-36
77        <activity
77-->src\main\AndroidManifest.xml:51:9-53:39
78            android:name="com.example.hbyssystemmanagement.View.VisitedPlacesActivity"
78-->src\main\AndroidManifest.xml:52:13-55
79            android:exported="true" />
79-->src\main\AndroidManifest.xml:53:13-36
80
81        <meta-data
81-->src\main\AndroidManifest.xml:55:9-57:69
82            android:name="com.google.android.gms.version"
82-->src\main\AndroidManifest.xml:56:13-58
83            android:value="@integer/google_play_services_version" />
83-->src\main\AndroidManifest.xml:57:13-66
84
85        <activity
85-->src\main\AndroidManifest.xml:59:9-62:71
86            android:name="com.example.hbyssystemmanagement.View.NearestHospitalActivity"
86-->src\main\AndroidManifest.xml:60:13-57
87            android:exported="true"
87-->src\main\AndroidManifest.xml:61:13-36
88            android:label="@string/title_activity_nearest_hospital" />
88-->src\main\AndroidManifest.xml:62:13-68
89        <activity
89-->src\main\AndroidManifest.xml:63:9-65:39
90            android:name="com.example.hbyssystemmanagement.View.SendMessageActivity"
90-->src\main\AndroidManifest.xml:64:13-53
91            android:exported="true" />
91-->src\main\AndroidManifest.xml:65:13-36
92        <activity
92-->src\main\AndroidManifest.xml:66:9-68:39
93            android:name="com.example.hbyssystemmanagement.View.AboutActivity"
93-->src\main\AndroidManifest.xml:67:13-47
94            android:exported="true" />
94-->src\main\AndroidManifest.xml:68:13-36
95        <activity
95-->src\main\AndroidManifest.xml:69:9-71:39
96            android:name="com.example.hbyssystemmanagement.View.FeedbackActivity"
96-->src\main\AndroidManifest.xml:70:13-50
97            android:exported="true" />
97-->src\main\AndroidManifest.xml:71:13-36
98        <activity
98-->src\main\AndroidManifest.xml:72:9-74:39
99            android:name="com.example.hbyssystemmanagement.View.ViewAppointmentActivity"
99-->src\main\AndroidManifest.xml:73:13-57
100            android:exported="true" />
100-->src\main\AndroidManifest.xml:74:13-36
101        <activity
101-->src\main\AndroidManifest.xml:75:9-77:39
102            android:name="com.example.hbyssystemmanagement.View.ShowCommentActivity"
102-->src\main\AndroidManifest.xml:76:13-53
103            android:exported="true" />
103-->src\main\AndroidManifest.xml:77:13-36
104        <activity
104-->src\main\AndroidManifest.xml:78:9-80:39
105            android:name="com.example.hbyssystemmanagement.View.DoctorDetailActivity"
105-->src\main\AndroidManifest.xml:79:13-54
106            android:exported="true" />
106-->src\main\AndroidManifest.xml:80:13-36
107        <activity
107-->src\main\AndroidManifest.xml:81:9-83:39
108            android:name="com.example.hbyssystemmanagement.View.DoctorListActivity"
108-->src\main\AndroidManifest.xml:82:13-52
109            android:exported="true" />
109-->src\main\AndroidManifest.xml:83:13-36
110        <activity
110-->src\main\AndroidManifest.xml:84:9-86:39
111            android:name="com.example.hbyssystemmanagement.View.SectionList"
111-->src\main\AndroidManifest.xml:85:13-45
112            android:exported="true" />
112-->src\main\AndroidManifest.xml:86:13-36
113        <activity
113-->src\main\AndroidManifest.xml:88:9-90:39
114            android:name="com.example.hbyssystemmanagement.View.AppointmentActivity"
114-->src\main\AndroidManifest.xml:89:13-53
115            android:exported="true" />
115-->src\main\AndroidManifest.xml:90:13-36
116        <activity
116-->src\main\AndroidManifest.xml:91:9-93:39
117            android:name="com.example.hbyssystemmanagement.View.ResetPasswordActivity"
117-->src\main\AndroidManifest.xml:92:13-55
118            android:exported="true" />
118-->src\main\AndroidManifest.xml:93:13-36
119        <activity
119-->src\main\AndroidManifest.xml:94:9-96:39
120            android:name="com.example.hbyssystemmanagement.View.SignUpActivity"
120-->src\main\AndroidManifest.xml:95:13-48
121            android:exported="true" />
121-->src\main\AndroidManifest.xml:96:13-36
122        <activity
122-->src\main\AndroidManifest.xml:97:9-105:20
123            android:name="com.example.hbyssystemmanagement.View.SignInActivity"
123-->src\main\AndroidManifest.xml:98:13-48
124            android:exported="true" >
124-->src\main\AndroidManifest.xml:99:13-36
125            <intent-filter>
125-->src\main\AndroidManifest.xml:100:13-104:29
126                <action android:name="android.intent.action.MAIN" />
126-->src\main\AndroidManifest.xml:101:17-69
126-->src\main\AndroidManifest.xml:101:25-66
127
128                <category android:name="android.intent.category.LAUNCHER" />
128-->src\main\AndroidManifest.xml:103:17-77
128-->src\main\AndroidManifest.xml:103:27-74
129            </intent-filter>
130        </activity>
131
132        <service
132-->src\main\AndroidManifest.xml:107:9-113:19
133            android:name="com.example.hbyssystemmanagement.Service.MyFirebaseService"
133-->src\main\AndroidManifest.xml:108:13-54
134            android:exported="true" >
134-->src\main\AndroidManifest.xml:109:13-36
135            <intent-filter>
135-->src\main\AndroidManifest.xml:110:13-112:29
136                <action android:name="com.google.firebase.INSTANCE_ID_EVENT" />
136-->src\main\AndroidManifest.xml:111:17-80
136-->src\main\AndroidManifest.xml:111:25-77
137            </intent-filter>
138        </service>
139        <service
139-->src\main\AndroidManifest.xml:114:9-120:19
140            android:name="com.example.hbyssystemmanagement.Service.FirebaseMessagingService"
140-->src\main\AndroidManifest.xml:115:13-61
141            android:exported="true" >
141-->src\main\AndroidManifest.xml:116:13-36
142            <intent-filter>
142-->src\main\AndroidManifest.xml:117:13-119:29
143                <action android:name="com.google.firebase.MESSAGING_EVENT" />
143-->src\main\AndroidManifest.xml:118:17-78
143-->src\main\AndroidManifest.xml:118:25-75
144            </intent-filter>
145        </service>
146
147        <activity
147-->src\main\AndroidManifest.xml:122:9-124:39
148            android:name="com.example.hbyssystemmanagement.View.HomeActivity"
148-->src\main\AndroidManifest.xml:123:13-46
149            android:exported="true" />
149-->src\main\AndroidManifest.xml:124:13-36
150        <activity
150-->[com.karumi:dexter:6.0.1] AndroidManifest.xml:27:9-29:72
151            android:name="com.karumi.dexter.DexterActivity"
151-->[com.karumi:dexter:6.0.1] AndroidManifest.xml:28:13-60
152            android:theme="@style/Dexter.Internal.Theme.Transparent" />
152-->[com.karumi:dexter:6.0.1] AndroidManifest.xml:29:13-69
153        <activity
153-->[com.google.android.libraries.places:places:2.5.0] AndroidManifest.xml:14:9-20:20
154            android:name="com.google.android.libraries.places.widget.AutocompleteActivity"
154-->[com.google.android.libraries.places:places:2.5.0] AndroidManifest.xml:15:13-91
155            android:exported="false"
155-->[com.google.android.libraries.places:places:2.5.0] AndroidManifest.xml:16:13-37
156            android:label="@string/places_autocomplete_label"
156-->[com.google.android.libraries.places:places:2.5.0] AndroidManifest.xml:17:13-62
157            android:theme="@style/PlacesAutocompleteOverlay"
157-->[com.google.android.libraries.places:places:2.5.0] AndroidManifest.xml:18:13-61
158            android:windowSoftInputMode="adjustResize" >
158-->[com.google.android.libraries.places:places:2.5.0] AndroidManifest.xml:19:13-55
159        </activity>
160
161        <service
161-->[androidx.room:room-runtime:2.3.0] AndroidManifest.xml:25:9-28:40
162            android:name="androidx.room.MultiInstanceInvalidationService"
162-->[androidx.room:room-runtime:2.3.0] AndroidManifest.xml:26:13-74
163            android:directBootAware="true"
163-->[androidx.room:room-runtime:2.3.0] AndroidManifest.xml:27:13-43
164            android:exported="false" />
164-->[androidx.room:room-runtime:2.3.0] AndroidManifest.xml:28:13-37
165        <service
165-->[com.google.firebase:firebase-functions-ktx:20.0.1] AndroidManifest.xml:12:9-18:19
166            android:name="com.google.firebase.components.ComponentDiscoveryService"
166-->[com.google.firebase:firebase-functions-ktx:20.0.1] AndroidManifest.xml:13:13-84
167            android:directBootAware="true"
167-->[com.google.firebase:firebase-common:20.0.0] AndroidManifest.xml:35:13-43
168            android:exported="false" >
168-->[com.google.firebase:firebase-functions-ktx:20.0.1] AndroidManifest.xml:14:13-37
169            <meta-data
169-->[com.google.firebase:firebase-functions-ktx:20.0.1] AndroidManifest.xml:15:13-17:85
170                android:name="com.google.firebase.components:com.google.firebase.functions.ktx.FirebaseFunctionsKtxRegistrar"
170-->[com.google.firebase:firebase-functions-ktx:20.0.1] AndroidManifest.xml:16:17-126
171                android:value="com.google.firebase.components.ComponentRegistrar" />
171-->[com.google.firebase:firebase-functions-ktx:20.0.1] AndroidManifest.xml:17:17-82
172            <meta-data
172-->[com.google.firebase:firebase-functions:20.0.1] AndroidManifest.xml:18:13-20:85
173                android:name="com.google.firebase.components:com.google.firebase.functions.FunctionsRegistrar"
173-->[com.google.firebase:firebase-functions:20.0.1] AndroidManifest.xml:19:17-111
174                android:value="com.google.firebase.components.ComponentRegistrar" />
174-->[com.google.firebase:firebase-functions:20.0.1] AndroidManifest.xml:20:17-82
175            <meta-data
175-->[com.google.firebase:firebase-auth-ktx:21.0.1] AndroidManifest.xml:11:13-13:85
176                android:name="com.google.firebase.components:com.google.firebase.auth.ktx.FirebaseAuthKtxRegistrar"
176-->[com.google.firebase:firebase-auth-ktx:21.0.1] AndroidManifest.xml:12:17-116
177                android:value="com.google.firebase.components.ComponentRegistrar" />
177-->[com.google.firebase:firebase-auth-ktx:21.0.1] AndroidManifest.xml:13:17-82
178            <meta-data
178-->[com.google.firebase:firebase-auth:21.0.1] AndroidManifest.xml:77:13-79:85
179                android:name="com.google.firebase.components:com.google.firebase.auth.FirebaseAuthRegistrar"
179-->[com.google.firebase:firebase-auth:21.0.1] AndroidManifest.xml:78:17-109
180                android:value="com.google.firebase.components.ComponentRegistrar" />
180-->[com.google.firebase:firebase-auth:21.0.1] AndroidManifest.xml:79:17-82
181            <meta-data
181-->[com.google.firebase:firebase-database-ktx:20.0.3] AndroidManifest.xml:15:13-17:85
182                android:name="com.google.firebase.components:com.google.firebase.database.ktx.FirebaseDatabaseKtxRegistrar"
182-->[com.google.firebase:firebase-database-ktx:20.0.3] AndroidManifest.xml:16:17-124
183                android:value="com.google.firebase.components.ComponentRegistrar" />
183-->[com.google.firebase:firebase-database-ktx:20.0.3] AndroidManifest.xml:17:17-82
184            <meta-data
184-->[com.google.firebase:firebase-database:20.0.3] AndroidManifest.xml:32:13-34:85
185                android:name="com.google.firebase.components:com.google.firebase.database.DatabaseRegistrar"
185-->[com.google.firebase:firebase-database:20.0.3] AndroidManifest.xml:33:17-109
186                android:value="com.google.firebase.components.ComponentRegistrar" />
186-->[com.google.firebase:firebase-database:20.0.3] AndroidManifest.xml:34:17-82
187            <meta-data
187-->[com.google.firebase:firebase-firestore-ktx:24.0.0] AndroidManifest.xml:15:13-17:85
188                android:name="com.google.firebase.components:com.google.firebase.firestore.ktx.FirebaseFirestoreKtxRegistrar"
188-->[com.google.firebase:firebase-firestore-ktx:24.0.0] AndroidManifest.xml:16:17-126
189                android:value="com.google.firebase.components.ComponentRegistrar" />
189-->[com.google.firebase:firebase-firestore-ktx:24.0.0] AndroidManifest.xml:17:17-82
190            <meta-data
190-->[com.google.firebase:firebase-firestore:24.0.0] AndroidManifest.xml:20:13-22:85
191                android:name="com.google.firebase.components:com.google.firebase.firestore.FirestoreRegistrar"
191-->[com.google.firebase:firebase-firestore:24.0.0] AndroidManifest.xml:21:17-111
192                android:value="com.google.firebase.components.ComponentRegistrar" />
192-->[com.google.firebase:firebase-firestore:24.0.0] AndroidManifest.xml:22:17-82
193            <meta-data
193-->[com.google.firebase:firebase-storage-ktx:20.0.0] AndroidManifest.xml:15:13-17:85
194                android:name="com.google.firebase.components:com.google.firebase.storage.ktx.FirebaseStorageKtxRegistrar"
194-->[com.google.firebase:firebase-storage-ktx:20.0.0] AndroidManifest.xml:16:17-122
195                android:value="com.google.firebase.components.ComponentRegistrar" />
195-->[com.google.firebase:firebase-storage-ktx:20.0.0] AndroidManifest.xml:17:17-82
196            <meta-data
196-->[com.google.firebase:firebase-storage:20.0.0] AndroidManifest.xml:33:13-35:85
197                android:name="com.google.firebase.components:com.google.firebase.storage.StorageRegistrar"
197-->[com.google.firebase:firebase-storage:20.0.0] AndroidManifest.xml:34:17-107
198                android:value="com.google.firebase.components.ComponentRegistrar" />
198-->[com.google.firebase:firebase-storage:20.0.0] AndroidManifest.xml:35:17-82
199            <meta-data
199-->[com.google.firebase:firebase-messaging-ktx:23.0.0] AndroidManifest.xml:29:13-31:85
200                android:name="com.google.firebase.components:com.google.firebase.messaging.ktx.FirebaseMessagingKtxRegistrar"
200-->[com.google.firebase:firebase-messaging-ktx:23.0.0] AndroidManifest.xml:30:17-126
201                android:value="com.google.firebase.components.ComponentRegistrar" />
201-->[com.google.firebase:firebase-messaging-ktx:23.0.0] AndroidManifest.xml:31:17-82
202            <meta-data
202-->[com.google.firebase:firebase-messaging:23.0.0] AndroidManifest.xml:52:13-54:85
203                android:name="com.google.firebase.components:com.google.firebase.messaging.FirebaseMessagingRegistrar"
203-->[com.google.firebase:firebase-messaging:23.0.0] AndroidManifest.xml:53:17-119
204                android:value="com.google.firebase.components.ComponentRegistrar" />
204-->[com.google.firebase:firebase-messaging:23.0.0] AndroidManifest.xml:54:17-82
205            <meta-data
205-->[com.google.firebase:firebase-config-ktx:21.0.1] AndroidManifest.xml:15:13-17:85
206                android:name="com.google.firebase.components:com.google.firebase.remoteconfig.ktx.FirebaseRemoteConfigKtxRegistrar"
206-->[com.google.firebase:firebase-config-ktx:21.0.1] AndroidManifest.xml:16:17-132
207                android:value="com.google.firebase.components.ComponentRegistrar" />
207-->[com.google.firebase:firebase-config-ktx:21.0.1] AndroidManifest.xml:17:17-82
208            <meta-data
208-->[com.google.firebase:firebase-analytics-ktx:20.0.0] AndroidManifest.xml:11:13-13:85
209                android:name="com.google.firebase.components:com.google.firebase.analytics.ktx.FirebaseAnalyticsKtxRegistrar"
209-->[com.google.firebase:firebase-analytics-ktx:20.0.0] AndroidManifest.xml:12:17-126
210                android:value="com.google.firebase.components.ComponentRegistrar" />
210-->[com.google.firebase:firebase-analytics-ktx:20.0.0] AndroidManifest.xml:13:17-82
211            <meta-data
211-->[com.google.firebase:firebase-common-ktx:20.0.0] AndroidManifest.xml:15:13-17:85
212                android:name="com.google.firebase.components:com.google.firebase.ktx.FirebaseCommonKtxRegistrar"
212-->[com.google.firebase:firebase-common-ktx:20.0.0] AndroidManifest.xml:16:17-113
213                android:value="com.google.firebase.components.ComponentRegistrar" />
213-->[com.google.firebase:firebase-common-ktx:20.0.0] AndroidManifest.xml:17:17-82
214            <meta-data
214-->[com.google.firebase:firebase-config:21.0.1] AndroidManifest.xml:32:13-34:85
215                android:name="com.google.firebase.components:com.google.firebase.remoteconfig.RemoteConfigRegistrar"
215-->[com.google.firebase:firebase-config:21.0.1] AndroidManifest.xml:33:17-117
216                android:value="com.google.firebase.components.ComponentRegistrar" />
216-->[com.google.firebase:firebase-config:21.0.1] AndroidManifest.xml:34:17-82
217            <meta-data
217-->[com.google.firebase:firebase-abt:21.0.0] AndroidManifest.xml:13:13-15:85
218                android:name="com.google.firebase.components:com.google.firebase.abt.component.AbtRegistrar"
218-->[com.google.firebase:firebase-abt:21.0.0] AndroidManifest.xml:14:17-109
219                android:value="com.google.firebase.components.ComponentRegistrar" />
219-->[com.google.firebase:firebase-abt:21.0.0] AndroidManifest.xml:15:17-82
220            <meta-data
220-->[com.google.android.gms:play-services-measurement-api:20.1.0] AndroidManifest.xml:30:13-32:85
221                android:name="com.google.firebase.components:com.google.firebase.analytics.connector.internal.AnalyticsConnectorRegistrar"
221-->[com.google.android.gms:play-services-measurement-api:20.1.0] AndroidManifest.xml:31:17-139
222                android:value="com.google.firebase.components.ComponentRegistrar" />
222-->[com.google.android.gms:play-services-measurement-api:20.1.0] AndroidManifest.xml:32:17-82
223            <meta-data
223-->[com.google.firebase:firebase-iid:21.1.0] AndroidManifest.xml:32:13-34:85
224                android:name="com.google.firebase.components:com.google.firebase.iid.Registrar"
224-->[com.google.firebase:firebase-iid:21.1.0] AndroidManifest.xml:33:17-96
225                android:value="com.google.firebase.components.ComponentRegistrar" />
225-->[com.google.firebase:firebase-iid:21.1.0] AndroidManifest.xml:34:17-82
226            <meta-data
226-->[com.google.firebase:firebase-installations:17.0.0] AndroidManifest.xml:18:13-20:85
227                android:name="com.google.firebase.components:com.google.firebase.installations.FirebaseInstallationsRegistrar"
227-->[com.google.firebase:firebase-installations:17.0.0] AndroidManifest.xml:19:17-127
228                android:value="com.google.firebase.components.ComponentRegistrar" />
228-->[com.google.firebase:firebase-installations:17.0.0] AndroidManifest.xml:20:17-82
229            <meta-data
229-->[com.google.firebase:firebase-datatransport:18.0.0] AndroidManifest.xml:28:13-30:85
230                android:name="com.google.firebase.components:com.google.firebase.datatransport.TransportRegistrar"
230-->[com.google.firebase:firebase-datatransport:18.0.0] AndroidManifest.xml:29:17-115
231                android:value="com.google.firebase.components.ComponentRegistrar" />
231-->[com.google.firebase:firebase-datatransport:18.0.0] AndroidManifest.xml:30:17-82
232        </service> <!-- Needs to be explicitly declared on P+ -->
233        <uses-library
233-->[com.google.android.gms:play-services-maps:18.0.2] AndroidManifest.xml:39:9-41:40
234            android:name="org.apache.http.legacy"
234-->[com.google.android.gms:play-services-maps:18.0.2] AndroidManifest.xml:40:13-50
235            android:required="false" />
235-->[com.google.android.gms:play-services-maps:18.0.2] AndroidManifest.xml:41:13-37
236
237        <activity
237-->[com.google.firebase:firebase-auth:21.0.1] AndroidManifest.xml:27:9-44:20
238            android:name="com.google.firebase.auth.internal.GenericIdpActivity"
238-->[com.google.firebase:firebase-auth:21.0.1] AndroidManifest.xml:28:13-80
239            android:excludeFromRecents="true"
239-->[com.google.firebase:firebase-auth:21.0.1] AndroidManifest.xml:29:13-46
240            android:exported="true"
240-->[com.google.firebase:firebase-auth:21.0.1] AndroidManifest.xml:30:13-36
241            android:launchMode="singleTask"
241-->[com.google.firebase:firebase-auth:21.0.1] AndroidManifest.xml:31:13-44
242            android:theme="@android:style/Theme.Translucent.NoTitleBar" >
242-->[com.google.firebase:firebase-auth:21.0.1] AndroidManifest.xml:32:13-72
243            <intent-filter>
243-->[com.google.firebase:firebase-auth:21.0.1] AndroidManifest.xml:33:13-43:29
244                <action android:name="android.intent.action.VIEW" />
244-->[com.google.firebase:firebase-auth:21.0.1] AndroidManifest.xml:34:17-69
244-->[com.google.firebase:firebase-auth:21.0.1] AndroidManifest.xml:34:25-66
245
246                <category android:name="android.intent.category.DEFAULT" />
246-->[com.google.firebase:firebase-auth:21.0.1] AndroidManifest.xml:36:17-76
246-->[com.google.firebase:firebase-auth:21.0.1] AndroidManifest.xml:36:27-73
247                <category android:name="android.intent.category.BROWSABLE" />
247-->[com.google.firebase:firebase-auth:21.0.1] AndroidManifest.xml:37:17-78
247-->[com.google.firebase:firebase-auth:21.0.1] AndroidManifest.xml:37:27-75
248
249                <data
249-->[com.google.firebase:firebase-auth:21.0.1] AndroidManifest.xml:39:17-42:51
250                    android:host="firebase.auth"
250-->[com.google.firebase:firebase-auth:21.0.1] AndroidManifest.xml:40:21-49
251                    android:path="/"
251-->[com.google.firebase:firebase-auth:21.0.1] AndroidManifest.xml:41:21-37
252                    android:scheme="genericidp" />
252-->[com.google.firebase:firebase-auth:21.0.1] AndroidManifest.xml:42:21-48
253            </intent-filter>
254        </activity>
255        <activity
255-->[com.google.firebase:firebase-auth:21.0.1] AndroidManifest.xml:45:9-62:20
256            android:name="com.google.firebase.auth.internal.RecaptchaActivity"
256-->[com.google.firebase:firebase-auth:21.0.1] AndroidManifest.xml:46:13-79
257            android:excludeFromRecents="true"
257-->[com.google.firebase:firebase-auth:21.0.1] AndroidManifest.xml:47:13-46
258            android:exported="true"
258-->[com.google.firebase:firebase-auth:21.0.1] AndroidManifest.xml:48:13-36
259            android:launchMode="singleTask"
259-->[com.google.firebase:firebase-auth:21.0.1] AndroidManifest.xml:49:13-44
260            android:theme="@android:style/Theme.Translucent.NoTitleBar" >
260-->[com.google.firebase:firebase-auth:21.0.1] AndroidManifest.xml:50:13-72
261            <intent-filter>
261-->[com.google.firebase:firebase-auth:21.0.1] AndroidManifest.xml:51:13-61:29
262                <action android:name="android.intent.action.VIEW" />
262-->[com.google.firebase:firebase-auth:21.0.1] AndroidManifest.xml:34:17-69
262-->[com.google.firebase:firebase-auth:21.0.1] AndroidManifest.xml:34:25-66
263
264                <category android:name="android.intent.category.DEFAULT" />
264-->[com.google.firebase:firebase-auth:21.0.1] AndroidManifest.xml:36:17-76
264-->[com.google.firebase:firebase-auth:21.0.1] AndroidManifest.xml:36:27-73